TN:
SF:src/modules/@shared/domain/entity/base.entity.ts
FN:14,get id
FN:18,get createdAt
FN:22,get updatedAt
FN:26,set updatedAt
FN:8,BaseEntity
FNF:5
FNH:3
FNDA:6,get id
FNDA:1,get createdAt
FNDA:0,get updatedAt
FNDA:0,set updatedAt
FNDA:3,BaseEntity
DA:1,1
DA:2,1
DA:3,1
DA:4,1
DA:5,1
DA:6,1
DA:7,1
DA:8,1
DA:9,3
DA:10,3
DA:11,3
DA:12,3
DA:13,1
DA:14,1
DA:15,6
DA:16,6
DA:17,1
DA:18,1
DA:19,1
DA:20,1
DA:21,1
DA:22,1
DA:23,0
DA:24,0
DA:25,1
DA:26,1
DA:27,0
DA:28,0
DA:29,1
LF:29
LH:25
BRDA:14,0,0,6
BRDA:18,1,0,1
BRDA:8,2,0,3
BRDA:9,3,0,0
BRF:4
BRH:3
end_of_record
TN:
SF:src/modules/@shared/domain/value-object/id.value-object.ts
FN:11,get id
FN:7,Id
FNF:2
FNH:2
FNDA:6,get id
FNDA:3,Id
DA:1,1
DA:2,1
DA:3,1
DA:4,1
DA:5,1
DA:6,1
DA:7,1
DA:8,3
DA:9,3
DA:10,1
DA:11,1
DA:12,6
DA:13,6
DA:14,1
LF:14
LH:14
BRDA:11,0,0,6
BRDA:7,1,0,3
BRDA:8,2,0,0
BRF:3
BRH:2
end_of_record
TN:
SF:src/modules/invoice/domain/address.value-obect.ts
FN:28,get street
FN:32,get number
FN:36,get complement
FN:40,get city
FN:44,get state
FN:48,get zipCode
FN:19,Address
FNF:7
FNH:7
FNDA:2,get street
FNDA:2,get number
FNDA:2,get complement
FNDA:2,get city
FNDA:2,get state
FNDA:2,get zipCode
FNDA:1,Address
DA:1,1
DA:2,1
DA:3,1
DA:4,1
DA:5,1
DA:6,1
DA:7,1
DA:8,1
DA:9,1
DA:10,1
DA:11,1
DA:12,1
DA:13,1
DA:14,1
DA:15,1
DA:16,1
DA:17,1
DA:18,1
DA:19,1
DA:20,1
DA:21,1
DA:22,1
DA:23,1
DA:24,1
DA:25,1
DA:26,1
DA:27,1
DA:28,1
DA:29,2
DA:30,2
DA:31,1
DA:32,1
DA:33,2
DA:34,2
DA:35,1
DA:36,1
DA:37,2
DA:38,2
DA:39,1
DA:40,1
DA:41,2
DA:42,2
DA:43,1
DA:44,1
DA:45,2
DA:46,2
DA:47,1
DA:48,1
DA:49,2
DA:50,2
DA:51,1
LF:51
LH:51
BRDA:28,0,0,2
BRDA:32,1,0,2
BRDA:36,2,0,2
BRDA:40,3,0,2
BRDA:44,4,0,2
BRDA:48,5,0,2
BRDA:19,6,0,1
BRF:7
BRH:7
end_of_record
TN:
SF:src/modules/invoice/domain/invoice.entity.ts
FN:51,get name
FN:55,get document
FN:59,get address
FN:63,get items
FN:67,get total
FN:33,Invoice
FNF:6
FNH:6
FNDA:2,get name
FNDA:2,get document
FNDA:12,get address
FNDA:2,get items
FNDA:1,get total
FNDA:1,Invoice
DA:1,1
DA:2,1
DA:3,1
DA:4,1
DA:5,1
DA:6,1
DA:7,1
DA:8,1
DA:9,1
DA:10,1
DA:11,1
DA:12,1
DA:13,1
DA:14,1
DA:15,1
DA:16,1
DA:17,1
DA:18,1
DA:19,1
DA:20,1
DA:21,1
DA:22,1
DA:23,1
DA:24,1
DA:25,1
DA:26,1
DA:27,1
DA:28,1
DA:29,1
DA:30,1
DA:31,1
DA:32,1
DA:33,1
DA:34,1
DA:35,1
DA:36,1
DA:37,1
DA:38,1
DA:39,1
DA:40,1
DA:41,1
DA:42,1
DA:43,1
DA:44,1
DA:45,1
DA:46,1
DA:47,2
DA:48,1
DA:49,1
DA:50,1
DA:51,1
DA:52,2
DA:53,2
DA:54,1
DA:55,1
DA:56,2
DA:57,2
DA:58,1
DA:59,1
DA:60,12
DA:61,12
DA:62,1
DA:63,1
DA:64,2
DA:65,2
DA:66,1
DA:67,1
DA:68,1
DA:69,2
DA:70,1
DA:71,1
DA:72,1
LF:72
LH:72
BRDA:51,0,0,2
BRDA:55,1,0,2
BRDA:59,2,0,12
BRDA:63,3,0,2
BRDA:67,4,0,1
BRDA:68,5,0,2
BRDA:33,6,0,1
BRDA:46,7,0,2
BRF:8
BRH:8
end_of_record
TN:
SF:src/modules/invoice/domain/product.entity.ts
FN:21,get name
FN:25,get price
FN:15,Product
FNF:3
FNH:3
FNDA:4,get name
FNDA:6,get price
FNDA:2,Product
DA:1,1
DA:2,1
DA:3,1
DA:4,1
DA:5,1
DA:6,1
DA:7,1
DA:8,1
DA:9,1
DA:10,1
DA:11,1
DA:12,1
DA:13,1
DA:14,1
DA:15,1
DA:16,2
DA:17,2
DA:18,2
DA:19,2
DA:20,1
DA:21,1
DA:22,4
DA:23,4
DA:24,1
DA:25,1
DA:26,6
DA:27,6
DA:28,1
LF:28
LH:28
BRDA:21,0,0,4
BRDA:25,1,0,6
BRDA:15,2,0,2
BRF:3
BRH:3
end_of_record
TN:
SF:src/modules/invoice/facade/invoice.facade.ts
FN:22,find
FN:27,generate
FN:17,InvoiceFacade
FNF:3
FNH:2
FNDA:0,find
FNDA:1,generate
FNDA:2,InvoiceFacade
DA:1,1
DA:2,1
DA:3,1
DA:4,1
DA:5,1
DA:6,1
DA:7,1
DA:8,1
DA:9,1
DA:10,1
DA:11,1
DA:12,1
DA:13,1
DA:14,1
DA:15,1
DA:16,1
DA:17,1
DA:18,2
DA:19,2
DA:20,2
DA:21,1
DA:22,1
DA:23,0
DA:24,0
DA:25,0
DA:26,0
DA:27,1
DA:28,1
DA:29,1
DA:30,1
DA:31,1
DA:32,1
LF:32
LH:28
BRDA:27,0,0,1
BRDA:17,1,0,2
BRF:2
BRH:2
end_of_record
TN:
SF:src/modules/invoice/factory/invoice.facade.factory.ts
FN:7,create
FNF:1
FNH:1
FNDA:2,create
DA:1,1
DA:2,1
DA:3,1
DA:4,1
DA:5,1
DA:6,1
DA:7,1
DA:8,2
DA:9,2
DA:10,2
DA:11,2
DA:12,2
DA:13,2
DA:14,2
DA:15,2
DA:16,2
DA:17,2
DA:18,1
LF:18
LH:18
BRDA:7,0,0,2
BRF:1
BRH:1
end_of_record
TN:
SF:src/modules/invoice/repository/invoice-product.model.ts
FN:26,Object.<anonymous>.__decorate.BelongsTo.foreignKey
FNF:1
FNH:1
FNDA:4,Object.<anonymous>.__decorate.BelongsTo.foreignKey
DA:1,1
DA:2,1
DA:3,1
DA:4,1
DA:5,1
DA:6,1
DA:7,1
DA:8,1
DA:9,1
DA:10,1
DA:11,1
DA:12,1
DA:13,1
DA:14,1
DA:15,1
DA:16,1
DA:17,1
DA:18,1
DA:19,1
DA:20,1
DA:21,1
DA:22,1
DA:23,1
DA:24,1
DA:25,1
DA:26,1
DA:27,1
DA:28,1
LF:28
LH:28
BRDA:27,0,0,0
BRDA:26,1,0,4
BRF:2
BRH:1
end_of_record
TN:
SF:src/modules/invoice/repository/invoice.model.ts
FN:43,Object.<anonymous>.__decorate.HasMany.foreignKey
FNF:1
FNH:1
FNDA:7,Object.<anonymous>.__decorate.HasMany.foreignKey
DA:1,1
DA:2,1
DA:3,1
DA:4,1
DA:5,1
DA:6,1
DA:7,1
DA:8,1
DA:9,1
DA:10,1
DA:11,1
DA:12,1
DA:13,1
DA:14,1
DA:15,1
DA:16,1
DA:17,1
DA:18,1
DA:19,1
DA:20,1
DA:21,1
DA:22,1
DA:23,1
DA:24,1
DA:25,1
DA:26,1
DA:27,1
DA:28,1
DA:29,1
DA:30,1
DA:31,1
DA:32,1
DA:33,1
DA:34,1
DA:35,1
DA:36,1
DA:37,1
DA:38,1
DA:39,1
DA:40,1
DA:41,1
DA:42,1
DA:43,1
DA:44,1
DA:45,1
DA:46,1
DA:47,1
DA:48,1
LF:48
LH:48
BRDA:47,0,0,0
BRDA:43,1,0,7
BRF:2
BRH:1
end_of_record
TN:
SF:src/modules/invoice/repository/invoice.repository.ts
FN:9,add
FN:34,find
FNF:2
FNH:1
FNDA:1,add
FNDA:0,find
DA:1,1
DA:2,1
DA:3,1
DA:4,1
DA:5,1
DA:6,1
DA:7,1
DA:8,1
DA:9,1
DA:10,1
DA:11,1
DA:12,1
DA:13,1
DA:14,1
DA:15,1
DA:16,1
DA:17,1
DA:18,1
DA:19,1
DA:20,1
DA:21,1
DA:22,1
DA:23,2
DA:24,2
DA:25,2
DA:26,1
DA:27,1
DA:28,1
DA:29,1
DA:30,1
DA:31,1
DA:32,1
DA:33,1
DA:34,1
DA:35,0
DA:36,0
DA:37,0
DA:38,0
DA:39,0
DA:40,0
DA:41,0
DA:42,0
DA:43,0
DA:44,0
DA:45,0
DA:46,0
DA:47,0
DA:48,0
DA:49,0
DA:50,0
DA:51,0
DA:52,0
DA:53,0
DA:54,0
DA:55,0
DA:56,0
DA:57,0
DA:58,0
DA:59,0
DA:60,0
DA:61,0
DA:62,0
DA:63,0
DA:64,0
DA:65,0
DA:66,0
DA:67,0
DA:68,0
DA:69,1
LF:69
LH:35
BRDA:9,0,0,1
BRDA:22,1,0,2
BRF:2
BRH:2
end_of_record
TN:
SF:src/modules/invoice/usecase/find-invoice/find-invoice.usecase.ts
FN:15,execute
FN:11,FindInvoiceUseCase
FNF:2
FNH:1
FNDA:0,execute
FNDA:2,FindInvoiceUseCase
DA:1,1
DA:2,1
DA:3,1
DA:4,1
DA:5,1
DA:6,1
DA:7,1
DA:8,1
DA:9,1
DA:10,1
DA:11,1
DA:12,2
DA:13,2
DA:14,1
DA:15,1
DA:16,0
DA:17,0
DA:18,0
DA:19,0
DA:20,0
DA:21,0
DA:22,0
DA:23,0
DA:24,0
DA:25,0
DA:26,0
DA:27,0
DA:28,0
DA:29,0
DA:30,0
DA:31,0
DA:32,0
DA:33,0
DA:34,0
DA:35,0
DA:36,0
DA:37,0
DA:38,0
DA:39,0
DA:40,0
DA:41,0
DA:42,0
DA:43,1
LF:43
LH:16
BRDA:11,0,0,2
BRF:1
BRH:1
end_of_record
TN:
SF:src/modules/invoice/usecase/generate-invoice/generate-invoice.usecase.ts
FN:16,execute
FN:12,GenerateInvoiceUseCase
FNF:2
FNH:2
FNDA:1,execute
FNDA:2,GenerateInvoiceUseCase
DA:1,1
DA:2,1
DA:3,1
DA:4,1
DA:5,1
DA:6,1
DA:7,1
DA:8,1
DA:9,1
DA:10,1
DA:11,1
DA:12,1
DA:13,2
DA:14,2
DA:15,1
DA:16,1
DA:17,1
DA:18,1
DA:19,1
DA:20,1
DA:21,1
DA:22,1
DA:23,1
DA:24,1
DA:25,1
DA:26,1
DA:27,1
DA:28,1
DA:29,1
DA:30,1
DA:31,1
DA:32,1
DA:33,1
DA:34,1
DA:35,1
DA:36,1
DA:37,1
DA:38,1
DA:39,1
DA:40,1
DA:41,1
DA:42,1
DA:43,1
DA:44,1
DA:45,1
DA:46,1
DA:47,2
DA:48,1
DA:49,1
DA:50,1
DA:51,1
DA:52,1
LF:52
LH:52
BRDA:16,0,0,1
BRDA:46,1,0,2
BRDA:12,2,0,2
BRF:3
BRH:3
end_of_record
